2016-06-03 06:52:59: 192.81.220.57 (1) has connected.
{"message_type":"request","type":"deduct_cash"}Array
(
    [message_type] => request
    [type] => deduct_cash
)
0.0013117283950617<br>0.0011574074074074<br>{"message_type":"request","type":"deduct_cash"}Array
(
    [message_type] => request
    [type] => deduct_cash
)
0.0013117283950617<br>0.0011574074074074<br>{"message_type":"request","type":"deduct_cash"}Array
(
    [message_type] => request
    [type] => deduct_cash
)
0.0013117283950617<br>0.0011574074074074<br>{"message_type":"request","type":"deduct_cash"}Array
(
    [message_type] => request
    [type] => deduct_cash
)
0.0013117283950617<br>0.0011574074074074<br>2016-06-03 06:53:20: 192.81.220.57 (1) has disconnected.
2016-06-03 06:58:33: 192.81.220.57 (1) has connected.
{"message_type":"request","type":"deduct_cash"}Array
(
    [message_type] => request
    [type] => deduct_cash
)
0.0013117283950617<br>0.0011574074074074<br>{"message_type":"request","type":"deduct_cash"}Array
(
    [message_type] => request
    [type] => deduct_cash
)
0.0013117283950617<br>0.0011574074074074<br>{"message_type":"request","type":"deduct_cash"}Array
(
    [message_type] => request
    [type] => deduct_cash
)
0.0013117283950617<br>0.0011574074074074<br>{"message_type":"request","type":"deduct_cash"}Array
(
    [message_type] => request
    [type] => deduct_cash
)
0.0013117283950617<br>0.0011574074074074<br>{"message_type":"request","type":"deduct_cash"}Array
(
    [message_type] => request
    [type] => deduct_cash
)
0.0013117283950617<br>0.0011574074074074<br>{"message_type":"request","type":"deduct_cash"}Array
(
    [message_type] => request
    [type] => deduct_cash
)
0.0013117283950617<br>0.0011574074074074<br>2016-06-03 07:00:07: 192.81.220.57 (1) has connected.
{"message_type":"request","type":"deduct_cash"}Array
(
    [message_type] => request
    [type] => deduct_cash
)
0.0013117283950617<br>0.0011574074074074<br>{"message_type":"request","type":"deduct_cash"}Array
(
    [message_type] => request
    [type] => deduct_cash
)
0.0013117283950617<br>0.0011574074074074<br>{"message_type":"request","type":"deduct_cash"}Array
(
    [message_type] => request
    [type] => deduct_cash
)
0.0013117283950617<br>0.0011574074074074<br>{"message_type":"request","type":"deduct_cash"}Array
(
    [message_type] => request
    [type] => deduct_cash
)
0.0013117283950617<br>0.0011574074074074<br>{"message_type":"request","type":"deduct_cash"}Array
(
    [message_type] => request
    [type] => deduct_cash
)
0.0013117283950617<br>0.0011574074074074<br>{"message_type":"request","type":"deduct_cash"}Array
(
    [message_type] => request
    [type] => deduct_cash
)
0.0013117283950617<br>0.0011574074074074<br>{"message_type":"request","type":"deduct_cash"}Array
(
    [message_type] => request
    [type] => deduct_cash
)
0.0013117283950617<br>0.0011574074074074<br>2016-06-03 07:02:54: 192.81.220.57 (1) has connected.
{"message_type":"request","type":"deduct_cash"}Array
(
    [message_type] => request
    [type] => deduct_cash
)
0.0013117283950617<br>0.0011574074074074<br>{"message_type":"request","type":"deduct_cash"}Array
(
    [message_type] => request
    [type] => deduct_cash
)
0.0013117283950617<br>0.0011574074074074<br>{"message_type":"request","type":"deduct_cash"}Array
(
    [message_type] => request
    [type] => deduct_cash
)
0.0013117283950617<br>0.0011574074074074<br>{"message_type":"request","type":"deduct_cash"}Array
(
    [message_type] => request
    [type] => deduct_cash
)
0.0013117283950617<br>0.0011574074074074<br>{"message_type":"request","type":"deduct_cash"}Array
(
    [message_type] => request
    [type] => deduct_cash
)
0.0013117283950617<br>0.0011574074074074<br>{"message_type":"request","type":"deduct_cash"}Array
(
    [message_type] => request
    [type] => deduct_cash
)
0.0013117283950617<br>0.0011574074074074<br>{"message_type":"request","type":"deduct_cash"}Array
(
    [message_type] => request
    [type] => deduct_cash
)
0.0013117283950617<br>0.0011574074074074<br>{"message_type":"request","type":"deduct_cash"}Array
(
    [message_type] => request
    [type] => deduct_cash
)
0.0013117283950617<br>0.0011574074074074<br>{"message_type":"request","type":"deduct_cash"}Array
(
    [message_type] => request
    [type] => deduct_cash
)
0.0013117283950617<br>0.0011574074074074<br>{"message_type":"request","type":"deduct_cash"}Array
(
    [message_type] => request
    [type] => deduct_cash
)
0.0013117283950617<br>0.0011574074074074<br>{"message_type":"request","type":"deduct_cash"}Array
(
    [message_type] => request
    [type] => deduct_cash
)
0.0013117283950617<br>0.0011574074074074<br>{"message_type":"request","type":"deduct_cash"}Array
(
    [message_type] => request
    [type] => deduct_cash
)
0.0013117283950617<br>0.0011574074074074<br>2016-06-03 07:03:55: 192.81.220.57 (1) has disconnected.
2016-06-03 07:03:55: 192.81.220.57 (1) has connected.
{"message_type":"request","type":"deduct_cash"}Array
(
    [message_type] => request
    [type] => deduct_cash
)
0.0013117283950617<br>0.0011574074074074<br>{"message_type":"request","type":"deduct_cash"}Array
(
    [message_type] => request
    [type] => deduct_cash
)
0.0013117283950617<br>0.0011574074074074<br>{"message_type":"request","type":"deduct_cash"}Array
(
    [message_type] => request
    [type] => deduct_cash
)
0.0013117283950617<br>0.0011574074074074<br>{"message_type":"request","type":"deduct_cash"}Array
(
    [message_type] => request
    [type] => deduct_cash
)
0.0013117283950617<br>0.0011574074074074<br>{"message_type":"request","type":"deduct_cash"}Array
(
    [message_type] => request
    [type] => deduct_cash
)
0.0013117283950617<br>0.0011574074074074<br>{"message_type":"request","type":"deduct_cash"}Array
(
    [message_type] => request
    [type] => deduct_cash
)
0.0013117283950617<br>0.0011574074074074<br>{"message_type":"request","type":"deduct_cash"}Array
(
    [message_type] => request
    [type] => deduct_cash
)
0.0013117283950617<br>0.0011574074074074<br>{"message_type":"request","type":"deduct_cash"}Array
(
    [message_type] => request
    [type] => deduct_cash
)
0.0013117283950617<br>0.0011574074074074<br>{"message_type":"request","type":"deduct_cash"}Array
(
    [message_type] => request
    [type] => deduct_cash
)
0.0013117283950617<br>0.0011574074074074<br>{"message_type":"request","type":"deduct_cash"}Array
(
    [message_type] => request
    [type] => deduct_cash
)
0.0013117283950617<br>0.0011574074074074<br>{"message_type":"request","type":"deduct_cash"}Array
(
    [message_type] => request
    [type] => deduct_cash
)
0.0013117283950617<br>0.0011574074074074<br>